<?xml version="1.0" encoding="UTF-8"?>
<testng-results skipped="1" failed="0" total="1" passed="0">
  <reporter-output>
  </reporter-output>
  <suite name="Suite" duration-ms="713" started-at="2018-12-15T15:10:19Z" finished-at="2018-12-15T15:10:20Z">
    <groups>
    </groups>
    <test name="Test" duration-ms="713" started-at="2018-12-15T15:10:19Z" finished-at="2018-12-15T15:10:20Z">
      <class name="com.cases.KfglTest_New">
        <test-method status="PASS" signature="beforeTest()[pri:0, instance:com.cases.KfglTest_New@18eed359]" name="beforeTest" is-config="true" duration-ms="64" started-at="2018-12-15T23:10:19Z" finished-at="2018-12-15T23:10:19Z">
          <reporter-output>
          </reporter-output>
        </test-method> <!-- beforeTest -->
        <test-method status="PASS" signature="beforeClass(java.lang.String)[pri:0, instance:com.cases.KfglTest_New@18eed359]" name="beforeClass" is-config="true" duration-ms="10" started-at="2018-12-15T23:10:19Z" finished-at="2018-12-15T23:10:19Z">
          <params>
            <param index="0">
              <value>
                <![CDATA[2]]>
              </value>
            </param>
          </params>
          <reporter-output>
          </reporter-output>
        </test-method> <!-- beforeClass -->
        <test-method status="FAIL" signature="beforeMethod()[pri:0, instance:com.cases.KfglTest_New@18eed359]" name="beforeMethod" is-config="true" duration-ms="0" started-at="2018-12-15T23:10:19Z" finished-at="2018-12-15T23:10:19Z">
          <exception class="java.lang.IllegalStateException">
            <message>
              <![CDATA[The driver executable does not exist: D:\workspase3\uiAutoMaven\target\test-classes\res\IEDriverServer_32.exe]]>
            </message>
            <full-stacktrace>
              <![CDATA[java.lang.IllegalStateException: The driver executable does not exist: D:\workspase3\uiAutoMaven\target\test-classes\res\IEDriverServer_32.exe
	at com.google.common.base.Preconditions.checkState(Preconditions.java:197)
	at org.openqa.selenium.remote.service.DriverService.checkExecutable(DriverService.java:121)
	at org.openqa.selenium.remote.service.DriverService.findExecutable(DriverService.java:116)
	at org.openqa.selenium.ie.InternetExplorerDriverService.access$000(InternetExplorerDriverService.java:32)
	at org.openqa.selenium.ie.InternetExplorerDriverService$Builder.findDefaultExecutable(InternetExplorerDriverService.java:167)
	at org.openqa.selenium.remote.service.DriverService$Builder.build(DriverService.java:296)
	at org.openqa.selenium.ie.InternetExplorerDriver.setupService(InternetExplorerDriver.java:251)
	at org.openqa.selenium.ie.InternetExplorerDriver.<init>(InternetExplorerDriver.java:172)
	at org.openqa.selenium.ie.InternetExplorerDriver.<init>(InternetExplorerDriver.java:146)
	at com.config.DriverManage.getDriver(DriverManage.java:32)
	at com.cases.TestBase.beforeMethod(TestBase.java:44)
	at sun.reflect.NativeMethodAccessorImpl.invoke0(Native Method)
	at sun.reflect.NativeMethodAccessorImpl.invoke(NativeMethodAccessorImpl.java:62)
	at sun.reflect.DelegatingMethodAccessorImpl.invoke(DelegatingMethodAccessorImpl.java:43)
	at java.lang.reflect.Method.invoke(Method.java:498)
	at org.testng.internal.MethodInvocationHelper.invokeMethod(MethodInvocationHelper.java:86)
	at org.testng.internal.Invoker.invokeConfigurationMethod(Invoker.java:514)
	at org.testng.internal.Invoker.invokeConfigurations(Invoker.java:215)
	at org.testng.internal.Invoker.invokeMethod(Invoker.java:589)
	at org.testng.internal.Invoker.invokeTestMethod(Invoker.java:820)
	at org.testng.internal.Invoker.invokeTestMethods(Invoker.java:1128)
	at org.testng.internal.TestMethodWorker.invokeTestMethods(TestMethodWorker.java:129)
	at org.testng.internal.TestMethodWorker.run(TestMethodWorker.java:112)
	at org.testng.TestRunner.privateRun(TestRunner.java:782)
	at org.testng.TestRunner.run(TestRunner.java:632)
	at org.testng.SuiteRunner.runTest(SuiteRunner.java:366)
	at org.testng.SuiteRunner.runSequentially(SuiteRunner.java:361)
	at org.testng.SuiteRunner.privateRun(SuiteRunner.java:319)
	at org.testng.SuiteRunner.run(SuiteRunner.java:268)
	at org.testng.SuiteRunnerWorker.runSuite(SuiteRunnerWorker.java:52)
	at org.testng.SuiteRunnerWorker.run(SuiteRunnerWorker.java:86)
	at org.testng.TestNG.runSuitesSequentially(TestNG.java:1244)
	at org.testng.TestNG.runSuitesLocally(TestNG.java:1169)
	at org.testng.TestNG.run(TestNG.java:1064)
	at org.testng.remote.AbstractRemoteTestNG.run(AbstractRemoteTestNG.java:114)
	at org.testng.remote.RemoteTestNG.initAndRun(RemoteTestNG.java:251)
	at org.testng.remote.RemoteTestNG.main(RemoteTestNG.java:77)
]]>
            </full-stacktrace>
          </exception> <!-- java.lang.IllegalStateException -->
          <reporter-output>
          </reporter-output>
        </test-method> <!-- beforeMethod -->
        <test-method status="SKIP" signature="kfgl_0001_LoginSucc(java.lang.reflect.Method)[pri:0, instance:com.cases.KfglTest_New@18eed359]" name="kfgl_0001_LoginSucc" duration-ms="1" started-at="2018-12-15T23:10:20Z" finished-at="2018-12-15T23:10:20Z">
          <params>
            <param index="0">
              <value>
                <![CDATA[public void com.cases.KfglTest_New.kfgl_0001_LoginSucc(java.lang.reflect.Method) throws java.lang.Exception]]>
              </value>
            </param>
          </params>
          <reporter-output>
          </reporter-output>
        </test-method> <!-- kfgl_0001_LoginSucc -->
        <test-method status="SKIP" signature="afterMethod()[pri:0, instance:com.cases.KfglTest_New@18eed359]" name="afterMethod" is-config="true" duration-ms="0" started-at="2018-12-15T23:10:20Z" finished-at="2018-12-15T23:10:20Z">
          <reporter-output>
          </reporter-output>
        </test-method> <!-- afterMethod -->
        <test-method status="SKIP" signature="afterClass()[pri:0, instance:com.cases.KfglTest_New@18eed359]" name="afterClass" is-config="true" duration-ms="0" started-at="2018-12-15T23:10:20Z" finished-at="2018-12-15T23:10:20Z">
          <reporter-output>
          </reporter-output>
        </test-method> <!-- afterClass -->
      </class> <!-- com.cases.KfglTest_New -->
    </test> <!-- Test -->
  </suite> <!-- Suite -->
</testng-results>
